 WARN [2016-08-11 20:51:00,380] (BaseRetryAspect.java:isLoginExceptionRetryable:115) - Login evaluation deemed exception not retry-able:
 LoginFault: Invalid username, password, security token; or user locked out. Are you at a new location? When accessing Salesforce--either via a desktop client or the API--from outside of your company’s trusted networks, you must add a security token to your password to log in. To get your new security token, log in to Salesforce. From your personal settings, enter Reset My Security Token in the Quick Find box, then select Reset My Security Token.
 WARN [2016-08-11 20:51:00,442] (BaseRetryAspect.java:isConnectionExceptionRetryable:150) - Connection evaluation deemed exception not retry-able:
 LoginFault: Invalid username, password, security token; or user locked out. Are you at a new location? When accessing Salesforce--either via a desktop client or the API--from outside of your company’s trusted networks, you must add a security token to your password to log in. To get your new security token, log in to Salesforce. From your personal settings, enter Reset My Security Token in the Quick Find box, then select Reset My Security Token.
 WARN [2016-08-11 20:51:00,458] (ProjectController.java:getRemotePackageNames:930) - Unable to get project packages for project 'New Project': Invalid username, password, security token; or user locked out. Are you at a new location? When accessing Salesforce--either via a desktop client or the API--from outside of your company’s trusted networks, you must add a security token to your password to log in. To get your new security token, log in to Salesforce. From your personal settings, enter Reset My Security Token in the Quick Find box, then select Reset My Security Token.
 WARN [2016-08-11 20:51:00,489] (ProjectOrganizationPage.java:prepareNextPage:263) - Unable to login: Invalid username, password, security token; or user locked out. Are you at a new location? When accessing Salesforce--either via a desktop client or the API--from outside of your company’s trusted networks, you must add a security token to your password to log in. To get your new security token, log in to Salesforce. From your personal settings, enter Reset My Security Token in the Quick Find box, then select Reset My Security Token.
 WARN [2016-08-11 20:51:50,204] (BaseRetryAspect.java:isLoginExceptionRetryable:115) - Login evaluation deemed exception not retry-able:
 LoginFault: Invalid username, password, security token; or user locked out. Are you at a new location? When accessing Salesforce--either via a desktop client or the API--from outside of your company’s trusted networks, you must add a security token to your password to log in. To get your new security token, log in to Salesforce. From your personal settings, enter Reset My Security Token in the Quick Find box, then select Reset My Security Token.
 WARN [2016-08-11 20:51:50,220] (BaseRetryAspect.java:isConnectionExceptionRetryable:150) - Connection evaluation deemed exception not retry-able:
 LoginFault: Invalid username, password, security token; or user locked out. Are you at a new location? When accessing Salesforce--either via a desktop client or the API--from outside of your company’s trusted networks, you must add a security token to your password to log in. To get your new security token, log in to Salesforce. From your personal settings, enter Reset My Security Token in the Quick Find box, then select Reset My Security Token.
 WARN [2016-08-11 20:51:50,220] (ProjectController.java:getRemotePackageNames:930) - Unable to get project packages for project 'New Project': Invalid username, password, security token; or user locked out. Are you at a new location? When accessing Salesforce--either via a desktop client or the API--from outside of your company’s trusted networks, you must add a security token to your password to log in. To get your new security token, log in to Salesforce. From your personal settings, enter Reset My Security Token in the Quick Find box, then select Reset My Security Token.
 WARN [2016-08-11 20:51:50,267] (ProjectOrganizationPage.java:prepareNextPage:263) - Unable to login: Invalid username, password, security token; or user locked out. Are you at a new location? When accessing Salesforce--either via a desktop client or the API--from outside of your company’s trusted networks, you must add a security token to your password to log in. To get your new security token, log in to Salesforce. From your personal settings, enter Reset My Security Token in the Quick Find box, then select Reset My Security Token.
 WARN [2016-08-11 21:06:09,500] (BaseRetryAspect.java:isLoginExceptionRetryable:115) - Login evaluation deemed exception not retry-able:
 LoginFault: Invalid username, password, security token; or user locked out. Are you at a new location? When accessing Salesforce--either via a desktop client or the API--from outside of your company’s trusted networks, you must add a security token to your password to log in. To get your new security token, log in to Salesforce. From your personal settings, enter Reset My Security Token in the Quick Find box, then select Reset My Security Token.
 WARN [2016-08-11 21:06:09,578] (BaseRetryAspect.java:isConnectionExceptionRetryable:150) - Connection evaluation deemed exception not retry-able:
 LoginFault: Invalid username, password, security token; or user locked out. Are you at a new location? When accessing Salesforce--either via a desktop client or the API--from outside of your company’s trusted networks, you must add a security token to your password to log in. To get your new security token, log in to Salesforce. From your personal settings, enter Reset My Security Token in the Quick Find box, then select Reset My Security Token.
 WARN [2016-08-11 21:06:09,594] (ProjectController.java:getRemotePackageNames:930) - Unable to get project packages for project 'new project': Invalid username, password, security token; or user locked out. Are you at a new location? When accessing Salesforce--either via a desktop client or the API--from outside of your company’s trusted networks, you must add a security token to your password to log in. To get your new security token, log in to Salesforce. From your personal settings, enter Reset My Security Token in the Quick Find box, then select Reset My Security Token.
 WARN [2016-08-11 21:06:09,625] (ProjectOrganizationPage.java:prepareNextPage:263) - Unable to login: Invalid username, password, security token; or user locked out. Are you at a new location? When accessing Salesforce--either via a desktop client or the API--from outside of your company’s trusted networks, you must add a security token to your password to log in. To get your new security token, log in to Salesforce. From your personal settings, enter Reset My Security Token in the Quick Find box, then select Reset My Security Token.
 WARN [2016-08-11 21:36:03,283] (ComponentFactory.java:getComponentBean:1149) - Unable to get component for id 'Certificate': Unable to get bean for id 'Certificate'
 WARN [2016-08-11 21:36:03,330] (ComponentFactory.java:getComponentBean:1149) - Unable to get component for id 'AuraDefinitionBundle': Unable to get bean for id 'AuraDefinitionBundle'
 WARN [2016-08-11 21:36:03,345] (ComponentFactory.java:getComponentBean:1149) - Unable to get component for id 'ExternalDataSource': Unable to get bean for id 'ExternalDataSource'
 WARN [2016-08-11 21:36:03,361] (ComponentFactory.java:getComponentBean:1149) - Unable to get component for id 'NamedCredential': Unable to get bean for id 'NamedCredential'
 WARN [2016-08-11 21:36:03,361] (ComponentFactory.java:getComponentBean:1149) - Unable to get component for id 'GlobalPicklist': Unable to get bean for id 'GlobalPicklist'
 WARN [2016-08-11 21:36:03,392] (ComponentFactory.java:getComponentBean:1149) - Unable to get component for id 'CustomFeedFilter': Unable to get bean for id 'CustomFeedFilter'
 WARN [2016-08-11 21:36:03,424] (ComponentFactory.java:getComponentBean:1149) - Unable to get component for id 'FlowDefinition': Unable to get bean for id 'FlowDefinition'
 WARN [2016-08-11 21:36:03,486] (ComponentFactory.java:getComponentBean:1149) - Unable to get component for id 'MatchingRules': Unable to get bean for id 'MatchingRules'
 WARN [2016-08-11 21:36:03,486] (ComponentFactory.java:getComponentBean:1149) - Unable to get component for id 'ChannelLayout': Unable to get bean for id 'ChannelLayout'
 WARN [2016-08-11 21:36:03,502] (ComponentFactory.java:getComponentBean:1149) - Unable to get component for id 'SharingRules': Unable to get bean for id 'SharingRules'
 WARN [2016-08-11 21:36:03,502] (ComponentFactory.java:getComponentBean:1149) - Unable to get component for id 'DelegateGroup': Unable to get bean for id 'DelegateGroup'
 WARN [2016-08-11 21:36:03,517] (ComponentFactory.java:getComponentBean:1149) - Unable to get component for id 'CorsWhitelistOrigin': Unable to get bean for id 'CorsWhitelistOrigin'
 WARN [2016-08-11 21:36:03,517] (ComponentFactory.java:getComponentBean:1149) - Unable to get component for id 'ActionLinkGroupTemplate': Unable to get bean for id 'ActionLinkGroupTemplate'
 WARN [2016-08-11 21:36:03,533] (ComponentFactory.java:getComponentBean:1149) - Unable to get component for id 'TransactionSecurityPolicy': Unable to get bean for id 'TransactionSecurityPolicy'
 WARN [2016-08-11 21:36:03,549] (ComponentFactory.java:getComponentBean:1149) - Unable to get component for id 'SynonymDictionary': Unable to get bean for id 'SynonymDictionary'
 WARN [2016-08-11 21:36:03,549] (ComponentFactory.java:getComponentBean:1149) - Unable to get component for id 'PathAssistant': Unable to get bean for id 'PathAssistant'
 WARN [2016-08-11 21:36:03,564] (ComponentFactory.java:getComponentBean:1149) - Unable to get component for id 'PlatformCachePartition': Unable to get bean for id 'PlatformCachePartition'
 WARN [2016-08-11 21:36:04,671] (ComponentFactory.java:getComponentBean:1149) - Unable to get component for id 'Certificate': Unable to get bean for id 'Certificate'
 WARN [2016-08-11 21:36:04,687] (ComponentFactory.java:getComponentBean:1149) - Unable to get component for id 'AuraDefinitionBundle': Unable to get bean for id 'AuraDefinitionBundle'
 WARN [2016-08-11 21:36:04,702] (ComponentFactory.java:getComponentBean:1149) - Unable to get component for id 'ExternalDataSource': Unable to get bean for id 'ExternalDataSource'
 WARN [2016-08-11 21:36:04,718] (ComponentFactory.java:getComponentBean:1149) - Unable to get component for id 'NamedCredential': Unable to get bean for id 'NamedCredential'
 WARN [2016-08-11 21:36:04,728] (ComponentFactory.java:getComponentBean:1149) - Unable to get component for id 'GlobalPicklist': Unable to get bean for id 'GlobalPicklist'
 WARN [2016-08-11 21:36:04,753] (ComponentFactory.java:getComponentBean:1149) - Unable to get component for id 'CustomFeedFilter': Unable to get bean for id 'CustomFeedFilter'
 WARN [2016-08-11 21:36:04,784] (ComponentFactory.java:getComponentBean:1149) - Unable to get component for id 'FlowDefinition': Unable to get bean for id 'FlowDefinition'
 WARN [2016-08-11 21:36:04,816] (ComponentFactory.java:getComponentBean:1149) - Unable to get component for id 'MatchingRules': Unable to get bean for id 'MatchingRules'
 WARN [2016-08-11 21:36:04,816] (ComponentFactory.java:getComponentBean:1149) - Unable to get component for id 'ChannelLayout': Unable to get bean for id 'ChannelLayout'
 WARN [2016-08-11 21:36:04,831] (ComponentFactory.java:getComponentBean:1149) - Unable to get component for id 'SharingRules': Unable to get bean for id 'SharingRules'
 WARN [2016-08-11 21:36:04,831] (ComponentFactory.java:getComponentBean:1149) - Unable to get component for id 'DelegateGroup': Unable to get bean for id 'DelegateGroup'
 WARN [2016-08-11 21:36:04,847] (ComponentFactory.java:getComponentBean:1149) - Unable to get component for id 'CorsWhitelistOrigin': Unable to get bean for id 'CorsWhitelistOrigin'
 WARN [2016-08-11 21:36:04,847] (ComponentFactory.java:getComponentBean:1149) - Unable to get component for id 'ActionLinkGroupTemplate': Unable to get bean for id 'ActionLinkGroupTemplate'
 WARN [2016-08-11 21:36:04,863] (ComponentFactory.java:getComponentBean:1149) - Unable to get component for id 'TransactionSecurityPolicy': Unable to get bean for id 'TransactionSecurityPolicy'
 WARN [2016-08-11 21:36:04,878] (ComponentFactory.java:getComponentBean:1149) - Unable to get component for id 'SynonymDictionary': Unable to get bean for id 'SynonymDictionary'
 WARN [2016-08-11 21:36:04,878] (ComponentFactory.java:getComponentBean:1149) - Unable to get component for id 'PathAssistant': Unable to get bean for id 'PathAssistant'
 WARN [2016-08-11 21:36:04,894] (ComponentFactory.java:getComponentBean:1149) - Unable to get component for id 'PlatformCachePartition': Unable to get bean for id 'PlatformCachePartition'
 WARN [2016-08-11 21:40:10,635] (ProjectAddEvaluator.java:runInWorkspace:120) - No credentials found for project 'new project' - removing online nature
 WARN [2016-08-11 22:00:51,723] (ComponentController.java:deploy:447) - Remote save aborted - project is not online enabled
 WARN [2016-08-11 22:00:52,634] (Utils.java:loadDocument:800) - Unable to load document: C:\Users\disha.bhagchandani\workspace\.metadata\.plugins\org.eclipse.core.resources\.projects\new project\com.salesforce.ide.core\packageCache.xml (The system cannot find the file specified)
 WARN [2016-08-11 22:00:52,650] (ComponentController.java:run:425) - Unable to update cache with new component Custom Object - cache is not found
 WARN [2016-08-11 22:00:52,869] (DefaultBuilder.java:applyDirtyMarkers:93) - TODO: apply 'Save locally only...' markers on each resource
 WARN [2016-08-11 22:01:52,969] (ComponentController.java:deploy:447) - Remote save aborted - project is not online enabled
 WARN [2016-08-11 22:01:52,985] (Utils.java:loadDocument:800) - Unable to load document: C:\Users\disha.bhagchandani\workspace\.metadata\.plugins\org.eclipse.core.resources\.projects\new project\com.salesforce.ide.core\packageCache.xml (The system cannot find the file specified)
 WARN [2016-08-11 22:01:52,994] (ComponentController.java:run:425) - Unable to update cache with new component Custom Object - cache is not found
 WARN [2016-08-11 22:01:53,147] (DefaultBuilder.java:applyDirtyMarkers:93) - TODO: apply 'Save locally only...' markers on each resource
 WARN [2016-08-11 22:53:29,539] (ComponentFactory.java:getCompositeComponentFromComponent:1098) - Unable to load existing 'pages/SecondVFPage.page-meta.xml' from project - associated component's file resource is null.  Assuming new.
 WARN [2016-08-11 22:53:29,852] (ComponentController.java:deploy:447) - Remote save aborted - project is not online enabled
 WARN [2016-08-11 22:53:29,867] (Utils.java:loadDocument:800) - Unable to load document: C:\Users\disha.bhagchandani\workspace\.metadata\.plugins\org.eclipse.core.resources\.projects\new project\com.salesforce.ide.core\packageCache.xml (The system cannot find the file specified)
 WARN [2016-08-11 22:53:29,867] (ComponentController.java:run:425) - Unable to update cache with new component Visualforce Page - cache is not found
 WARN [2016-08-11 22:53:30,055] (DefaultBuilder.java:applyDirtyMarkers:93) - TODO: apply 'Save locally only...' markers on each resource
 WARN [2016-08-11 22:53:48,005] (DefaultBuilder.java:applyDirtyMarkers:93) - TODO: apply 'Save locally only...' markers on each resource
ERROR [2016-08-11 22:55:49,075] (ProjectPackageList.java:generateComponents:483) - Filepath-zip mapping is null or empty for package 'unpackaged' [null] - skipping component generation
